<?xml version="1.0" encoding="UTF-8"?>
<!DOCTYPE properties SYSTEM "http://java.sun.com/dtd/properties.dtd">
<properties>
	<comment>test-query.xml file</comment>
	
	<!-- 랜덤 단어(각 랜덤 뜻 1개) 10개 조회 -->
	<entry key="selectRandomWord">
		SELECT * FROM
			(SELECT WORD_NO, WORD_NM, 
				(SELECT MEANING_NM FROM 
					(SELECT MEANING_NM
					FROM MEANING
					WHERE MEANING.WORD_NO = WORD.WORD_NO
					AND DELETE_FL = 'N'
					ORDER BY DBMS_RANDOM.VALUE)
				WHERE ROWNUM &lt; 2) MEANING_NM
			FROM WORD
			WHERE DELETE_FL = 'N' 
			ORDER BY DBMS_RANDOM.VALUE)
		WHERE ROWNUM &lt; 11
	</entry>
	
	<!-- 랜덤 뜻 40개 (먼저 가져온 단어 제외) 가져오기 -->
	<entry key="selectRandomMeaning">
		SELECT * 
		FROM (SELECT MEANING_NM 
			FROM MEANING
			WHERE WORD_NO NOT IN (?, ?, ?, ?, ?, ?, ?, ?, ?, ?)
			ORDER BY DBMS_RANDOM.VALUE)
		WHERE ROWNUM &lt; 41
	</entry>
	
	<!-- 다음 시험번호 구하기 -->
	<entry key="nextTestNo">
		SELECT SEQ_TEST_RECODE_PK.NEXTVAL RECODE_NO FROM DUAL
	</entry>
	
	<!-- 시험 기록 등록 -->
	<entry key="insertTestRecode">
		INSERT INTO TEST_RECODE (TEST_NO, TEST_SCORE, MEMBER_NO)
		VALUES(?, ?, ?)
	</entry>
	
	<!-- 모든 시험 기록 조회 -->
	<entry key="selectAllTest">
		SELECT TEST_NO, TEST_SCORE, (SELECT MEMBER_NM FROM "MEMBER" WHERE "MEMBER".MEMBER_NO = TEST_RECODE.MEMBER_NO) MEMBER_NM,
			CASE 
				WHEN SYSDATE - TEST_DT &lt; 1/24/60	-- 1분 미만인 경우
				THEN FLOOR((SYSDATE - TEST_DT) * 24 * 60 * 60) || '초 전'
				WHEN SYSDATE - TEST_DT &lt; 1/24 -- 1시간 미만인 경우	
				THEN FLOOR((SYSDATE - TEST_DT) * 24 * 60) || '분 전'
				WHEN SYSDATE - TEST_DT &lt; 1 -- 하루 미만인 경우	
				THEN FLOOR((SYSDATE - TEST_DT) * 24) || '시간 전'
				ELSE TO_CHAR(TEST_DT, 'YYYY-MM-DD')
			END TEST_DT
		FROM TEST_RECODE
		WHERE MEMBER_NO = ?
	</entry>
	
	<!-- 시험 기록 상세 조회 -->
	<entry key="selectTest">
		SELECT TEST_NO, TEST_SCORE, MEMBER_NO, EXAMPLE, CORRECT_ANSWER, USER_ANSWER, WORD_NO,
			(SELECT MEMBER_NM FROM "MEMBER" WHERE "MEMBER".MEMBER_NO = TEST_RECODE.MEMBER_NO) MEMBER_NM,
			(SELECT WORD_NM FROM WORD WHERE WORD.WORD_NO = QUESTION.WORD_NO) WORD_NM,
			TO_CHAR(TEST_DT, 'YYYY"년" MM"월" DD"일" HH24:MI:SS') TEST_DT	
		FROM TEST_RECODE 
		JOIN QUESTION USING(TEST_NO)
		WHERE TEST_NO = ?
	</entry>
	
	<!-- 회원별 단어 기록 등록 -->
	<entry key="insertWordRecode">
		INSERT INTO WORD_RECODE (WORD_NO, MEMBER_NO) 
		WITH CHECK_WORD AS (
			SELECT WORD_NO, ? MEMBER_NO
			FROM WORD 
			WHERE WORD_NO IN (?, ?, ?, ?, ?, ?, ?, ?, ?, ?))
		SELECT WORD_NO, CHECK_WORD.MEMBER_NO
		FROM WORD_RECODE
		FULL JOIN CHECK_WORD USING(WORD_NO)
		WHERE CHECK_WORD.MEMBER_NO = ?
		AND ACCURATE_COUNT IS NULL
	</entry>
	
	<!-- WORD_RECODE 카운트 갱신 -->
	<entry key="increaseAccurateCount">
		UPDATE WORD_RECODE SET
		ACCURATE_COUNT = ACCURATE_COUNT + 1
		WHERE MEMBER_NO = ?
		AND WORD_NO IN (<!-- 3, 21, 23, 31); -->
	</entry>
	<entry key="increaseWrongCount">
		UPDATE WORD_RECODE SET
		WRONG_COUNT = WRONG_COUNT + 1
		WHERE MEMBER_NO = ?
		AND WORD_NO IN ( <!-- 3, 21, 23, 31); -->
	</entry>
	
	<!-- 회원별 정복한 단어 갯수 구하기 -->
	<entry key="getConquestWordCount">
		SELECT COUNT(*) CONQUEST_COUNT FROM WORD_RECODE
		WHERE MEMBER_NO = ?
		AND ACCURATE_COUNT > 1
	</entry>
	
	<!-- 회원별 티어 승급 -->
	<entry key="updateTier">
		UPDATE "MEMBER" SET 
		TIER_LEVEL = (SELECT TIER_LEVEL FROM TIER
			WHERE ? BETWEEN MIN_COUNT AND MAX_COUNT)
		WHERE MEMBER_NO = ?
	</entry>
</properties>